This is pdfTeX, Version 3.14159265-2.6-1.40.16 (TeX Live 2015/Debian) (preloaded format=pdflatex 2017.8.23)  19 SEP 2017 15:18
entering extended mode
 restricted \write18 enabled.
 %&-line parsing enabled.
**paper.tex
(./paper.tex
LaTeX2e <2016/02/01>
Babel <3.9q> and hyphenation patterns for 5 language(s) loaded.
(./acmart.cls
Document Class: acmart 2017/05/14 v1.39 Typesetting articles for Association of
 Computing Machinery
(/usr/share/texlive/texmf-dist/tex/latex/xkeyval/xkeyval.sty
Package: xkeyval 2014/12/03 v2.7a package option processing (HA)

(/usr/share/texlive/texmf-dist/tex/generic/xkeyval/xkeyval.tex
(/usr/share/texlive/texmf-dist/tex/generic/xkeyval/xkvutils.tex
\XKV@toks=\toks14
\XKV@tempa@toks=\toks15

(/usr/share/texlive/texmf-dist/tex/generic/xkeyval/keyval.tex))
\XKV@depth=\count79
File: xkeyval.tex 2014/12/03 v2.7a key=value parser (HA)
))
(/usr/share/texlive/texmf-dist/tex/generic/xstring/xstring.sty
(/usr/share/texlive/texmf-dist/tex/generic/xstring/xstring.tex
\@xs@message=\write3
\integerpart=\count80
\decimalpart=\count81
)
Package: xstring 2013/10/13  v1.7c  String manipulations (C Tellechea)
)
Package acmart Info: Not using screen mode on input line 73.
Package acmart Info: Not using review mode on input line 81.
Package acmart Info: Not using authorversion mode on input line 89.
Package acmart Info: Explicitly selecting natbib mode on input line 97.
Package acmart Info: Not using anonymous mode on input line 105.
Package acmart Info: Not using timestamp mode on input line 113.
Package acmart Info: Not using authordraft mode on input line 123.
Class acmart Info: Using format acmtog, number 3 on input line 132.
Class acmart Info: Using fontsize 9pt on input line 190.

(/usr/share/texlive/texmf-dist/tex/latex/amscls/amsart.cls
Document Class: amsart 2015/03/04 v2.20.2
\linespacing=\dimen102
\normalparindent=\dimen103
\normaltopskip=\skip41
(/usr/share/texlive/texmf-dist/tex/latex/amsmath/amsmath.sty
Package: amsmath 2016/03/03 v2.15a AMS math features
\@mathmargin=\skip42

For additional information on amsmath, use the `?' option.
(/usr/share/texlive/texmf-dist/tex/latex/amsmath/amstext.sty
Package: amstext 2000/06/29 v2.01 AMS text

(/usr/share/texlive/texmf-dist/tex/latex/amsmath/amsgen.sty
File: amsgen.sty 1999/11/30 v2.0 generic functions
\@emptytoks=\toks16
\ex@=\dimen104
))
(/usr/share/texlive/texmf-dist/tex/latex/amsmath/amsbsy.sty
Package: amsbsy 1999/11/29 v1.2d Bold Symbols
\pmbraise@=\dimen105
)
(/usr/share/texlive/texmf-dist/tex/latex/amsmath/amsopn.sty
Package: amsopn 1999/12/14 v2.01 operator names
)
\inf@bad=\count82
LaTeX Info: Redefining \frac on input line 199.
\uproot@=\count83
\leftroot@=\count84
LaTeX Info: Redefining \overline on input line 297.
\classnum@=\count85
\DOTSCASE@=\count86
LaTeX Info: Redefining \ldots on input line 394.
LaTeX Info: Redefining \dots on input line 397.
LaTeX Info: Redefining \cdots on input line 518.
\Mathstrutbox@=\box26
\strutbox@=\box27
\big@size=\dimen106
LaTeX Font Info:    Redeclaring font encoding OML on input line 630.
LaTeX Font Info:    Redeclaring font encoding OMS on input line 631.
\macc@depth=\count87
\c@MaxMatrixCols=\count88
\dotsspace@=\muskip10
\c@parentequation=\count89
\dspbrk@lvl=\count90
\tag@help=\toks17
\row@=\count91
\column@=\count92
\maxfields@=\count93
\andhelp@=\toks18
\eqnshift@=\dimen107
\alignsep@=\dimen108
\tagshift@=\dimen109
\tagwidth@=\dimen110
\totwidth@=\dimen111
\lineht@=\dimen112
\@envbody=\toks19
\multlinegap=\skip43
\multlinetaggap=\skip44
\mathdisplay@stack=\toks20
LaTeX Info: Redefining \[ on input line 2735.
LaTeX Info: Redefining \] on input line 2736.
)
LaTeX Font Info:    Try loading font information for U+msa on input line 388.

(/usr/share/texlive/texmf-dist/tex/latex/amsfonts/umsa.fd
File: umsa.fd 2013/01/14 v3.01 AMS symbols A
)
(/usr/share/texlive/texmf-dist/tex/latex/amsfonts/amsfonts.sty
Package: amsfonts 2013/01/14 v3.01 Basic AMSFonts support
\symAMSa=\mathgroup4
\symAMSb=\mathgroup5
LaTeX Font Info:    Overwriting math alphabet `\mathfrak' in version `bold'
(Font)                  U/euf/m/n --> U/euf/b/n on input line 106.
)
\copyins=\insert199
\abstractbox=\box28
\listisep=\skip45
\c@part=\count94
\c@section=\count95
\c@subsection=\count96
\c@subsubsection=\count97
\c@paragraph=\count98
\c@subparagraph=\count99
\c@figure=\count100
\c@table=\count101
\abovecaptionskip=\skip46
\belowcaptionskip=\skip47
\captionindent=\dimen113
\thm@style=\toks21
\thm@bodyfont=\toks22
\thm@headfont=\toks23
\thm@notefont=\toks24
\thm@headpunct=\toks25
\thm@preskip=\skip48
\thm@postskip=\skip49
\thm@headsep=\skip50
\dth@everypar=\toks26
)
(/usr/share/texlive/texmf-dist/tex/latex/microtype/microtype.sty
Package: microtype 2013/05/23 v2.5a Micro-typographical refinements (RS)
\MT@toks=\toks27
\MT@count=\count102
LaTeX Info: Redefining \textls on input line 766.
\MT@outer@kern=\dimen114
LaTeX Info: Redefining \textmicrotypecontext on input line 1285.
\MT@listname@count=\count103

(/usr/share/texlive/texmf-dist/tex/latex/microtype/microtype-pdftex.def
File: microtype-pdftex.def 2013/05/23 v2.5a Definitions specific to pdftex (RS)

LaTeX Info: Redefining \lsstyle on input line 915.
LaTeX Info: Redefining \lslig on input line 915.
\MT@outer@space=\skip51
)
Package microtype Info: Loading configuration file microtype.cfg.

(/usr/share/texlive/texmf-dist/tex/latex/microtype/microtype.cfg
File: microtype.cfg 2013/05/23 v2.5a microtype main configuration file (RS)
))
(/usr/share/texlive/texmf-dist/tex/latex/totpages/totpages.sty
Package: totpages 2005/09/19 v2.00 Totpages Package (muewi)

(/usr/share/texlive/texmf-dist/tex/latex/ms/everyshi.sty
Package: everyshi 2001/05/15 v3.00 EveryShipout Package (MS)
))
(/usr/share/texlive/texmf-dist/tex/latex/environ/environ.sty
Package: environ 2014/05/04 v0.3 A new way to define environments

(/usr/share/texlive/texmf-dist/tex/latex/trimspaces/trimspaces.sty
Package: trimspaces 2009/09/17 v1.1 Trim spaces around a token list
))
(/usr/share/texlive/texmf-dist/tex/latex/natbib/natbib.sty
Package: natbib 2010/09/13 8.31b (PWD, AO)
\bibhang=\skip52
\bibsep=\skip53
LaTeX Info: Redefining \cite on input line 694.
\c@NAT@ctr=\count104
)
(/usr/share/texlive/texmf-dist/tex/latex/hyperref/hyperref.sty
Package: hyperref 2012/11/06 v6.83m Hypertext links for LaTeX

(/usr/share/texlive/texmf-dist/tex/generic/oberdiek/hobsub-hyperref.sty
Package: hobsub-hyperref 2012/05/28 v1.13 Bundle oberdiek, subset hyperref (HO)


(/usr/share/texlive/texmf-dist/tex/generic/oberdiek/hobsub-generic.sty
Package: hobsub-generic 2012/05/28 v1.13 Bundle oberdiek, subset generic (HO)
Package: hobsub 2012/05/28 v1.13 Construct package bundles (HO)
Package: infwarerr 2010/04/08 v1.3 Providing info/warning/error messages (HO)
Package: ltxcmds 2011/11/09 v1.22 LaTeX kernel commands for general use (HO)
Package: ifluatex 2010/03/01 v1.3 Provides the ifluatex switch (HO)
Package ifluatex Info: LuaTeX not detected.
Package: ifvtex 2010/03/01 v1.5 Detect VTeX and its facilities (HO)
Package ifvtex Info: VTeX not detected.
Package: intcalc 2007/09/27 v1.1 Expandable calculations with integers (HO)
Package: ifpdf 2011/01/30 v2.3 Provides the ifpdf switch (HO)
Package ifpdf Info: pdfTeX in PDF mode is detected.
Package: etexcmds 2011/02/16 v1.5 Avoid name clashes with e-TeX commands (HO)
Package etexcmds Info: Could not find \expanded.
(etexcmds)             That can mean that you are not using pdfTeX 1.50 or
(etexcmds)             that some package has redefined \expanded.
(etexcmds)             In the latter case, load this package earlier.
Package: kvsetkeys 2012/04/25 v1.16 Key value parser (HO)
Package: kvdefinekeys 2011/04/07 v1.3 Define keys (HO)
Package: pdftexcmds 2011/11/29 v0.20 Utility functions of pdfTeX for LuaTeX (HO
)
Package pdftexcmds Info: LuaTeX not detected.
Package pdftexcmds Info: \pdf@primitive is available.
Package pdftexcmds Info: \pdf@ifprimitive is available.
Package pdftexcmds Info: \pdfdraftmode found.
Package: pdfescape 2011/11/25 v1.13 Implements pdfTeX's escape features (HO)
Package: bigintcalc 2012/04/08 v1.3 Expandable calculations on big integers (HO
)
Package: bitset 2011/01/30 v1.1 Handle bit-vector datatype (HO)
Package: uniquecounter 2011/01/30 v1.2 Provide unlimited unique counter (HO)
)
Package hobsub Info: Skipping package `hobsub' (already loaded).
Package: letltxmacro 2010/09/02 v1.4 Let assignment for LaTeX macros (HO)
Package: hopatch 2012/05/28 v1.2 Wrapper for package hooks (HO)
Package: xcolor-patch 2011/01/30 xcolor patch
Package: atveryend 2011/06/30 v1.8 Hooks at the very end of document (HO)
Package atveryend Info: \enddocument detected (standard20110627).
Package: atbegshi 2011/10/05 v1.16 At begin shipout hook (HO)
Package: refcount 2011/10/16 v3.4 Data extraction from label references (HO)
Package: hycolor 2011/01/30 v1.7 Color options for hyperref/bookmark (HO)
)
(/usr/share/texlive/texmf-dist/tex/generic/ifxetex/ifxetex.sty
Package: ifxetex 2010/09/12 v0.6 Provides ifxetex conditional
)
(/usr/share/texlive/texmf-dist/tex/latex/oberdiek/auxhook.sty
Package: auxhook 2011/03/04 v1.3 Hooks for auxiliary files (HO)
)
(/usr/share/texlive/texmf-dist/tex/latex/oberdiek/kvoptions.sty
Package: kvoptions 2011/06/30 v3.11 Key value format for package options (HO)
)
\@linkdim=\dimen115
\Hy@linkcounter=\count105
\Hy@pagecounter=\count106

(/usr/share/texlive/texmf-dist/tex/latex/hyperref/pd1enc.def
File: pd1enc.def 2012/11/06 v6.83m Hyperref: PDFDocEncoding definition (HO)
)
\Hy@SavedSpaceFactor=\count107

(/usr/share/texlive/texmf-dist/tex/latex/latexconfig/hyperref.cfg
File: hyperref.cfg 2002/06/06 v1.2 hyperref configuration of TeXLive
)
Package hyperref Info: Option `bookmarksnumbered' set `true' on input line 4319
.
Package hyperref Info: Option `unicode' set `true' on input line 4319.

(/usr/share/texlive/texmf-dist/tex/latex/hyperref/puenc.def
File: puenc.def 2012/11/06 v6.83m Hyperref: PDF Unicode definition (HO)
)
Package hyperref Info: Hyper figures OFF on input line 4443.
Package hyperref Info: Link nesting OFF on input line 4448.
Package hyperref Info: Hyper index ON on input line 4451.
Package hyperref Info: Plain pages OFF on input line 4458.
Package hyperref Info: Backreferencing OFF on input line 4463.
Package hyperref Info: Implicit mode ON; LaTeX internals redefined.
Package hyperref Info: Bookmarks ON on input line 4688.
\c@Hy@tempcnt=\count108

(/usr/share/texlive/texmf-dist/tex/latex/url/url.sty
\Urlmuskip=\muskip11
Package: url 2013/09/16  ver 3.4  Verb mode for urls, etc.
)
LaTeX Info: Redefining \url on input line 5041.
\XeTeXLinkMargin=\dimen116
\Fld@menulength=\count109
\Field@Width=\dimen117
\Fld@charsize=\dimen118
Package hyperref Info: Hyper figures OFF on input line 6295.
Package hyperref Info: Link nesting OFF on input line 6300.
Package hyperref Info: Hyper index ON on input line 6303.
Package hyperref Info: backreferencing OFF on input line 6310.
Package hyperref Info: Link coloring OFF on input line 6315.
Package hyperref Info: Link coloring with OCG OFF on input line 6320.
Package hyperref Info: PDF/A mode OFF on input line 6325.
LaTeX Info: Redefining \ref on input line 6365.
LaTeX Info: Redefining \pageref on input line 6369.
\Hy@abspage=\count110
\c@Item=\count111
\c@Hfootnote=\count112
)

Package hyperref Message: Driver (autodetected): hpdftex.

(/usr/share/texlive/texmf-dist/tex/latex/hyperref/hpdftex.def
File: hpdftex.def 2012/11/06 v6.83m Hyperref driver for pdfTeX
\Fld@listcount=\count113
\c@bookmark@seq@number=\count114

(/usr/share/texlive/texmf-dist/tex/latex/oberdiek/rerunfilecheck.sty
Package: rerunfilecheck 2011/04/15 v1.7 Rerun checks for auxiliary files (HO)
Package uniquecounter Info: New unique counter `rerunfilecheck' on input line 2
82.
)
\Hy@SectionHShift=\skip54
)
(/usr/share/texlive/texmf-dist/tex/latex/graphics/graphicx.sty
Package: graphicx 2014/10/28 v1.0g Enhanced LaTeX Graphics (DPC,SPQR)

(/usr/share/texlive/texmf-dist/tex/latex/graphics/graphics.sty
Package: graphics 2016/01/03 v1.0q Standard LaTeX Graphics (DPC,SPQR)

(/usr/share/texlive/texmf-dist/tex/latex/graphics/trig.sty
Package: trig 2016/01/03 v1.10 sin cos tan (DPC)
)
(/usr/share/texlive/texmf-dist/tex/latex/latexconfig/graphics.cfg
File: graphics.cfg 2010/04/23 v1.9 graphics configuration of TeX Live
)
Package graphics Info: Driver file: pdftex.def on input line 95.

(/usr/share/texlive/texmf-dist/tex/latex/pdftex-def/pdftex.def
File: pdftex.def 2011/05/27 v0.06d Graphics/color for pdfTeX
\Gread@gobject=\count115
))
\Gin@req@height=\dimen119
\Gin@req@width=\dimen120
)
(/usr/share/texlive/texmf-dist/tex/latex/xcolor/xcolor.sty
Package: xcolor 2007/01/21 v2.11 LaTeX color extensions (UK)

(/usr/share/texlive/texmf-dist/tex/latex/latexconfig/color.cfg
File: color.cfg 2007/01/18 v1.5 color configuration of teTeX/TeXLive
)
Package xcolor Info: Driver file: pdftex.def on input line 225.
Package xcolor Info: Model `cmy' substituted by `cmy0' on input line 1337.
Package xcolor Info: Model `hsb' substituted by `rgb' on input line 1341.
Package xcolor Info: Model `RGB' extended on input line 1353.
Package xcolor Info: Model `HTML' substituted by `rgb' on input line 1355.
Package xcolor Info: Model `Hsb' substituted by `hsb' on input line 1356.
Package xcolor Info: Model `tHsb' substituted by `hsb' on input line 1357.
Package xcolor Info: Model `HSB' substituted by `hsb' on input line 1358.
Package xcolor Info: Model `Gray' substituted by `gray' on input line 1359.
Package xcolor Info: Model `wave' substituted by `hsb' on input line 1360.
)
(/usr/share/texlive/texmf-dist/tex/latex/geometry/geometry.sty
Package: geometry 2010/09/12 v5.6 Page Geometry
\Gm@cnth=\count116
\Gm@cntv=\count117
\c@Gm@tempcnt=\count118
\Gm@bindingoffset=\dimen121
\Gm@wd@mp=\dimen122
\Gm@odd@mp=\dimen123
\Gm@even@mp=\dimen124
\Gm@layoutwidth=\dimen125
\Gm@layoutheight=\dimen126
\Gm@layouthoffset=\dimen127
\Gm@layoutvoffset=\dimen128
\Gm@dimlist=\toks28
)
(/usr/share/texlive/texmf-dist/tex/latex/ncctools/manyfoot.sty
Package: manyfoot 2005/09/11 v1.10 Many Footnote Levels Package (NCC)

(/usr/share/texlive/texmf-dist/tex/latex/ncctools/nccfoots.sty
Package: nccfoots 2005/02/03 v1.2 NCC Footnotes Package (NCC)
)
\MFL@columnwidth=\dimen129
)
\footinscopyrightpermission=\insert198
\c@footnotecopyrightpermission=\count119

(/usr/share/texlive/texmf-dist/tex/generic/iftex/iftex.sty
Package: iftex 2013/04/04 v0.2 Provides if(tex) conditional for PDFTeX, XeTeX, 
and LuaTeX
)
(/usr/share/texlive/texmf-dist/tex/generic/pdftex/glyphtounicode.tex)
(/usr/share/texlive/texmf-dist/tex/latex/cmap/cmap.sty
Package: cmap 2008/03/06 v1.0h CMap support: searchable PDF
)
(/usr/share/texlive/texmf-dist/tex/latex/libertine/libertine.sty
Package: libertine 2014/11/25 (Bob Tennent) Supports Libertine and Biolinum fon
ts for all LaTeX engines.

(/usr/share/texlive/texmf-dist/tex/latex/base/textcomp.sty
Package: textcomp 2005/09/27 v1.99g Standard LaTeX package
Package textcomp Info: Sub-encoding information:
(textcomp)               5 = only ISO-Adobe without \textcurrency
(textcomp)               4 = 5 + \texteuro
(textcomp)               3 = 4 + \textohm
(textcomp)               2 = 3 + \textestimated + \textcurrency
(textcomp)               1 = TS1 - \textcircled - \t
(textcomp)               0 = TS1 (full)
(textcomp)             Font families with sub-encoding setting implement
(textcomp)             only a restricted character set as indicated.
(textcomp)             Family '?' is the default used for unknown fonts.
(textcomp)             See the documentation for details.
Package textcomp Info: Setting ? sub-encoding to TS1/1 on input line 79.

(/usr/share/texlive/texmf-dist/tex/latex/base/ts1enc.def
File: ts1enc.def 2001/06/05 v3.0e (jk/car/fm) Standard LaTeX file
)
LaTeX Info: Redefining \oldstylenums on input line 334.
Package textcomp Info: Setting cmr sub-encoding to TS1/0 on input line 349.
Package textcomp Info: Setting cmss sub-encoding to TS1/0 on input line 350.
Package textcomp Info: Setting cmtt sub-encoding to TS1/0 on input line 351.
Package textcomp Info: Setting cmvtt sub-encoding to TS1/0 on input line 352.
Package textcomp Info: Setting cmbr sub-encoding to TS1/0 on input line 353.
Package textcomp Info: Setting cmtl sub-encoding to TS1/0 on input line 354.
Package textcomp Info: Setting ccr sub-encoding to TS1/0 on input line 355.
Package textcomp Info: Setting ptm sub-encoding to TS1/4 on input line 356.
Package textcomp Info: Setting pcr sub-encoding to TS1/4 on input line 357.
Package textcomp Info: Setting phv sub-encoding to TS1/4 on input line 358.
Package textcomp Info: Setting ppl sub-encoding to TS1/3 on input line 359.
Package textcomp Info: Setting pag sub-encoding to TS1/4 on input line 360.
Package textcomp Info: Setting pbk sub-encoding to TS1/4 on input line 361.
Package textcomp Info: Setting pnc sub-encoding to TS1/4 on input line 362.
Package textcomp Info: Setting pzc sub-encoding to TS1/4 on input line 363.
Package textcomp Info: Setting bch sub-encoding to TS1/4 on input line 364.
Package textcomp Info: Setting put sub-encoding to TS1/5 on input line 365.
Package textcomp Info: Setting uag sub-encoding to TS1/5 on input line 366.
Package textcomp Info: Setting ugq sub-encoding to TS1/5 on input line 367.
Package textcomp Info: Setting ul8 sub-encoding to TS1/4 on input line 368.
Package textcomp Info: Setting ul9 sub-encoding to TS1/4 on input line 369.
Package textcomp Info: Setting augie sub-encoding to TS1/5 on input line 370.
Package textcomp Info: Setting dayrom sub-encoding to TS1/3 on input line 371.
Package textcomp Info: Setting dayroms sub-encoding to TS1/3 on input line 372.

Package textcomp Info: Setting pxr sub-encoding to TS1/0 on input line 373.
Package textcomp Info: Setting pxss sub-encoding to TS1/0 on input line 374.
Package textcomp Info: Setting pxtt sub-encoding to TS1/0 on input line 375.
Package textcomp Info: Setting txr sub-encoding to TS1/0 on input line 376.
Package textcomp Info: Setting txss sub-encoding to TS1/0 on input line 377.
Package textcomp Info: Setting txtt sub-encoding to TS1/0 on input line 378.
Package textcomp Info: Setting lmr sub-encoding to TS1/0 on input line 379.
Package textcomp Info: Setting lmdh sub-encoding to TS1/0 on input line 380.
Package textcomp Info: Setting lmss sub-encoding to TS1/0 on input line 381.
Package textcomp Info: Setting lmssq sub-encoding to TS1/0 on input line 382.
Package textcomp Info: Setting lmvtt sub-encoding to TS1/0 on input line 383.
Package textcomp Info: Setting lmtt sub-encoding to TS1/0 on input line 384.
Package textcomp Info: Setting qhv sub-encoding to TS1/0 on input line 385.
Package textcomp Info: Setting qag sub-encoding to TS1/0 on input line 386.
Package textcomp Info: Setting qbk sub-encoding to TS1/0 on input line 387.
Package textcomp Info: Setting qcr sub-encoding to TS1/0 on input line 388.
Package textcomp Info: Setting qcs sub-encoding to TS1/0 on input line 389.
Package textcomp Info: Setting qpl sub-encoding to TS1/0 on input line 390.
Package textcomp Info: Setting qtm sub-encoding to TS1/0 on input line 391.
Package textcomp Info: Setting qzc sub-encoding to TS1/0 on input line 392.
Package textcomp Info: Setting qhvc sub-encoding to TS1/0 on input line 393.
Package textcomp Info: Setting futs sub-encoding to TS1/4 on input line 394.
Package textcomp Info: Setting futx sub-encoding to TS1/4 on input line 395.
Package textcomp Info: Setting futj sub-encoding to TS1/4 on input line 396.
Package textcomp Info: Setting hlh sub-encoding to TS1/3 on input line 397.
Package textcomp Info: Setting hls sub-encoding to TS1/3 on input line 398.
Package textcomp Info: Setting hlst sub-encoding to TS1/3 on input line 399.
Package textcomp Info: Setting hlct sub-encoding to TS1/5 on input line 400.
Package textcomp Info: Setting hlx sub-encoding to TS1/5 on input line 401.
Package textcomp Info: Setting hlce sub-encoding to TS1/5 on input line 402.
Package textcomp Info: Setting hlcn sub-encoding to TS1/5 on input line 403.
Package textcomp Info: Setting hlcw sub-encoding to TS1/5 on input line 404.
Package textcomp Info: Setting hlcf sub-encoding to TS1/5 on input line 405.
Package textcomp Info: Setting pplx sub-encoding to TS1/3 on input line 406.
Package textcomp Info: Setting pplj sub-encoding to TS1/3 on input line 407.
Package textcomp Info: Setting ptmx sub-encoding to TS1/4 on input line 408.
Package textcomp Info: Setting ptmj sub-encoding to TS1/4 on input line 409.
)
(/usr/share/texlive/texmf-dist/tex/latex/mweights/mweights.sty
Package: mweights 2013/07/21 (Bob Tennent) Support package for multiple-weight 
font packages. 
LaTeX Info: Redefining \bfseries on input line 22.
LaTeX Info: Redefining \mdseries on input line 29.
LaTeX Info: Redefining \rmfamily on input line 36.
LaTeX Info: Redefining \sffamily on input line 53.
LaTeX Info: Redefining \ttfamily on input line 70.
)
(/usr/share/texlive/texmf-dist/tex/latex/base/fontenc.sty
Package: fontenc 2005/09/27 v1.99g Standard LaTeX package
)
(/usr/share/texlive/texmf-dist/tex/latex/fontaxes/fontaxes.sty
Package: fontaxes 2014/03/23 v1.0d Font selection axes
LaTeX Info: Redefining \upshape on input line 29.
LaTeX Info: Redefining \itshape on input line 31.
LaTeX Info: Redefining \slshape on input line 33.
LaTeX Info: Redefining \scshape on input line 37.
)
LaTeX Info: Redefining \oldstylenums on input line 478.

(/usr/share/texlive/texmf-dist/tex/latex/libertine/LinLibertine_I.tex))
(/usr/share/texlive/texmf-dist/tex/latex/inconsolata/zi4.sty
Package: zi4 2016/02/22 v1.10

`inconsolata-zi4' v1.10, 2016/02/22 Text macros for Inconsolata (msharpe)
\zifour@ocount=\count120
)
(/usr/share/texlive/texmf-dist/tex/latex/newtx/newtxmath.sty
Package: newtxmath 2016/01/31 v1.465

`newtxmath' v1.465, 2016/01/31 Math macros based on txfonts (msharpe)
(/usr/share/texlive/texmf-dist/tex/generic/kastrup/binhex.tex)
\tx@Isdigit=\count121
LaTeX Font Info:    Redeclaring symbol font `operators' on input line 137.
LaTeX Font Info:    Overwriting symbol font `operators' in version `normal'
(Font)                  OT1/cmr/m/n --> OT1/LinuxLibertineT-TLF/m/n on input li
ne 137.
LaTeX Font Info:    Overwriting symbol font `operators' in version `bold'
(Font)                  OT1/cmr/bx/n --> OT1/LinuxLibertineT-TLF/m/n on input l
ine 137.
LaTeX Font Info:    Overwriting symbol font `operators' in version `bold'
(Font)                  OT1/LinuxLibertineT-TLF/m/n --> OT1/LinuxLibertineT-TLF
/sb/n on input line 138.
LaTeX Font Info:    Redeclaring math alphabet \mathsf on input line 144.
LaTeX Font Info:    Overwriting math alphabet `\mathsf' in version `normal'
(Font)                  OT1/cmss/m/n --> OT1/LinuxBiolinumT-TLF/m/n on input li
ne 144.
LaTeX Font Info:    Overwriting math alphabet `\mathsf' in version `bold'
(Font)                  OT1/cmss/bx/n --> OT1/LinuxBiolinumT-TLF/m/n on input l
ine 144.
LaTeX Font Info:    Redeclaring math alphabet \mathit on input line 145.
LaTeX Font Info:    Overwriting math alphabet `\mathit' in version `normal'
(Font)                  OT1/cmr/m/it --> OT1/LinuxLibertineT-TLF/m/it on input 
line 145.
LaTeX Font Info:    Overwriting math alphabet `\mathit' in version `bold'
(Font)                  OT1/cmr/bx/it --> OT1/LinuxLibertineT-TLF/m/it on input
 line 145.
LaTeX Font Info:    Redeclaring math alphabet \mathtt on input line 146.
LaTeX Font Info:    Overwriting math alphabet `\mathtt' in version `normal'
(Font)                  OT1/cmtt/m/n --> OT1/zi4/m/n on input line 146.
LaTeX Font Info:    Overwriting math alphabet `\mathtt' in version `bold'
(Font)                  OT1/cmtt/m/n --> OT1/zi4/m/n on input line 146.
LaTeX Font Info:    Redeclaring math alphabet \mathbf on input line 148.
LaTeX Font Info:    Overwriting math alphabet `\mathbf' in version `normal'
(Font)                  OT1/cmr/bx/n --> OT1/LinuxLibertineT-TLF/sb/n on input 
line 148.
LaTeX Font Info:    Overwriting math alphabet `\mathbf' in version `bold'
(Font)                  OT1/cmr/bx/n --> OT1/LinuxLibertineT-TLF/sb/n on input 
line 148.
LaTeX Font Info:    Overwriting math alphabet `\mathit' in version `bold'
(Font)                  OT1/LinuxLibertineT-TLF/m/it --> OT1/LinuxLibertineT-TL
F/sb/it on input line 149.
LaTeX Font Info:    Overwriting math alphabet `\mathsf' in version `bold'
(Font)                  OT1/LinuxBiolinumT-TLF/m/n --> OT1/LinuxBiolinumT-TLF/b
/n on input line 150.
LaTeX Font Info:    Overwriting math alphabet `\mathtt' in version `bold'
(Font)                  OT1/zi4/m/n --> OT1/zi4/b/n on input line 151.
LaTeX Font Info:    Redeclaring symbol font `letters' on input line 163.
LaTeX Font Info:    Overwriting symbol font `letters' in version `normal'
(Font)                  OML/cmm/m/it --> OML/nxlmi/m/it on input line 163.
LaTeX Font Info:    Overwriting symbol font `letters' in version `bold'
(Font)                  OML/cmm/b/it --> OML/nxlmi/m/it on input line 163.
LaTeX Font Info:    Overwriting symbol font `letters' in version `bold'
(Font)                  OML/nxlmi/m/it --> OML/nxlmi/b/it on input line 164.
\symlettersA=\mathgroup6
LaTeX Font Info:    Overwriting symbol font `lettersA' in version `bold'
(Font)                  U/ntxmia/m/it --> U/ntxmia/b/it on input line 213.
LaTeX Font Info:    Redeclaring math alphabet \mathfrak on input line 215.
LaTeX Font Info:    Redeclaring symbol font `symbols' on input line 221.
LaTeX Font Info:    Overwriting symbol font `symbols' in version `normal'
(Font)                  OMS/cmsy/m/n --> OMS/ntxsy/m/n on input line 221.
LaTeX Font Info:    Overwriting symbol font `symbols' in version `bold'
(Font)                  OMS/cmsy/b/n --> OMS/ntxsy/m/n on input line 221.
LaTeX Font Info:    Overwriting symbol font `symbols' in version `bold'
(Font)                  OMS/ntxsy/m/n --> OMS/ntxsy/b/n on input line 222.
\symAMSm=\mathgroup7
LaTeX Font Info:    Overwriting symbol font `AMSm' in version `bold'
(Font)                  U/ntxsym/m/n --> U/ntxsym/b/n on input line 242.
\symsymbolsC=\mathgroup8
LaTeX Font Info:    Overwriting symbol font `symbolsC' in version `bold'
(Font)                  U/ntxsyc/m/n --> U/ntxsyc/b/n on input line 263.
LaTeX Font Info:    Redeclaring symbol font `largesymbols' on input line 276.
LaTeX Font Info:    Encoding `OMX' has changed to `LMX' for symbol font
(Font)              `largesymbols' in the math version `normal' on input line 2
76.
LaTeX Font Info:    Overwriting symbol font `largesymbols' in version `normal'
(Font)                  OMX/cmex/m/n --> LMX/ntxexx/m/n on input line 276.
LaTeX Font Info:    Encoding `OMX' has changed to `LMX' for symbol font
(Font)              `largesymbols' in the math version `bold' on input line 276
.
LaTeX Font Info:    Overwriting symbol font `largesymbols' in version `bold'
(Font)                  OMX/cmex/m/n --> LMX/ntxexx/m/n on input line 276.
LaTeX Font Info:    Overwriting symbol font `largesymbols' in version `bold'
(Font)                  LMX/ntxexx/m/n --> LMX/ntxexx/b/n on input line 277.
\symlargesymbolsTXA=\mathgroup9
LaTeX Font Info:    Overwriting symbol font `largesymbolsTXA' in version `bold'

(Font)                  U/ntxexa/m/n --> U/ntxexa/b/n on input line 291.
LaTeX Info: Redefining \not on input line 1749.
LaTeX Info: Redefining \textsquare on input line 1770.
LaTeX Info: Redefining \openbox on input line 1772.
)
(/usr/share/texlive/texmf-dist/tex/latex/base/fontenc.sty
Package: fontenc 2005/09/27 v1.99g Standard LaTeX package

(/usr/share/texlive/texmf-dist/tex/latex/base/t1enc.def
File: t1enc.def 2005/09/27 v1.99g Standard LaTeX file
LaTeX Font Info:    Redeclaring font encoding T1 on input line 48.
)<<t1.cmap>>)
(/usr/share/texlive/texmf-dist/tex/latex/caption/caption.sty
Package: caption 2016/02/21 v3.3-144 Customizing captions (AR)

(/usr/share/texlive/texmf-dist/tex/latex/caption/caption3.sty
Package: caption3 2016/02/04 v1.7-139 caption3 kernel (AR)
Package caption3 Info: TeX engine: e-TeX on input line 67.
\captionmargin=\dimen130
\captionmargin@=\dimen131
\captionwidth=\dimen132
\caption@tempdima=\dimen133
\caption@indent=\dimen134
\caption@parindent=\dimen135
\caption@hangindent=\dimen136
)
Package caption Info: AMS or SMF document class.
\c@ContinuedFloat=\count122
Package caption Info: hyperref package is loaded.
)
(/usr/share/texlive/texmf-dist/tex/latex/float/float.sty
Package: float 2001/11/08 v1.3d Float enhancements (AL)
\c@float@type=\count123
\float@exts=\toks29
\float@box=\box29
\@float@everytoks=\toks30
\@floatcapt=\box30
)
\@float@every@sidebar=\toks31
\c@sidebar=\count124
\fulltextwidth=\dimen137
\@ACM@labelwidth=\dimen138
\listisep=\skip55
\num@authorgroups=\count125
\@ACM@badge@width=\skip56
\@ACM@title@width=\skip57
\@ACM@badge@skip=\skip58
Class acmart Info: Printing CCS on input line 1197.
Class acmart Info: Printing bibformat on input line 1197.
Class acmart Info: Printing folios on input line 1202.
Class acmart Info: Setting authorsperrow to 0 on input line 1207.
 (./comment.sty
\CommentStream=\write4

Excluding comment 'comment') Excluding comment 'CCSXML'
\mktitle@bx=\box31
\@ACM@commabox=\box32
\author@bx=\box33
\author@bx@wd=\dimen139
\author@bx@sep=\skip59

(/usr/share/texlive/texmf-dist/tex/latex/fancyhdr/fancyhdr.sty
\fancy@headwidth=\skip60
\f@ncyO@elh=\skip61
\f@ncyO@erh=\skip62
\f@ncyO@olh=\skip63
\f@ncyO@orh=\skip64
\f@ncyO@elf=\skip65
\f@ncyO@erf=\skip66
\f@ncyO@olf=\skip67
\f@ncyO@orf=\skip68
)
\@folio@wd=\dimen140
\@folio@ht=\dimen141
\@folio@voffset=\dimen142
\c@theorem=\count126

Special comment 'acks' Excluding comment 'screenonly'
Include comment 'printonly' Include comment 'anonsuppress'
LaTeX Font Info:    Try loading font information for T1+LinuxLibertineT-TLF on 
input line 2418.

(/usr/share/texlive/texmf-dist/tex/latex/libertine/T1LinuxLibertineT-TLF.fd
File: T1LinuxLibertineT-TLF.fd 2012/11/26 (autoinst) Font definitions for T1/Li
nuxLibertineT-TLF.
)
LaTeX Font Info:    Font shape `T1/LinuxLibertineT-TLF/m/n' will be
(Font)              scaled to size 9.0pt on input line 2418.
)
(/usr/share/texlive/texmf-dist/tex/latex/import/import.sty
Package: import 2009/03/23  v 5.1
)
(/usr/share/texlive/texmf-dist/tex/latex/was/fixmath.sty
Package: fixmath 2000/04/11 v0.9 (WaS)
LaTeX Font Info:    Redeclaring math symbol \Gamma on input line 27.
LaTeX Font Info:    Redeclaring math symbol \Delta on input line 28.
LaTeX Font Info:    Redeclaring math symbol \Theta on input line 29.
LaTeX Font Info:    Redeclaring math symbol \Lambda on input line 30.
LaTeX Font Info:    Redeclaring math symbol \Xi on input line 31.
LaTeX Font Info:    Redeclaring math symbol \Pi on input line 32.
LaTeX Font Info:    Redeclaring math symbol \Sigma on input line 33.
LaTeX Font Info:    Redeclaring math symbol \Upsilon on input line 34.
LaTeX Font Info:    Redeclaring math symbol \Phi on input line 35.
LaTeX Font Info:    Redeclaring math symbol \Psi on input line 36.
LaTeX Font Info:    Redeclaring math symbol \Omega on input line 37.
LaTeX Font Info:    Redeclaring math symbol \alpha on input line 38.
LaTeX Font Info:    Redeclaring math symbol \beta on input line 39.
LaTeX Font Info:    Redeclaring math symbol \gamma on input line 40.
LaTeX Font Info:    Redeclaring math symbol \delta on input line 41.
LaTeX Font Info:    Redeclaring math symbol \epsilon on input line 42.
LaTeX Font Info:    Redeclaring math symbol \zeta on input line 43.
LaTeX Font Info:    Redeclaring math symbol \eta on input line 44.
LaTeX Font Info:    Redeclaring math symbol \theta on input line 45.
LaTeX Font Info:    Redeclaring math symbol \iota on input line 46.
LaTeX Font Info:    Redeclaring math symbol \kappa on input line 47.
LaTeX Font Info:    Redeclaring math symbol \lambda on input line 48.
LaTeX Font Info:    Redeclaring math symbol \mu on input line 49.
LaTeX Font Info:    Redeclaring math symbol \nu on input line 50.
LaTeX Font Info:    Redeclaring math symbol \xi on input line 51.
LaTeX Font Info:    Redeclaring math symbol \pi on input line 52.
LaTeX Font Info:    Redeclaring math symbol \rho on input line 53.
LaTeX Font Info:    Redeclaring math symbol \sigma on input line 54.
LaTeX Font Info:    Redeclaring math symbol \tau on input line 55.
LaTeX Font Info:    Redeclaring math symbol \upsilon on input line 56.
LaTeX Font Info:    Redeclaring math symbol \phi on input line 57.
LaTeX Font Info:    Redeclaring math symbol \chi on input line 58.
LaTeX Font Info:    Redeclaring math symbol \psi on input line 59.
LaTeX Font Info:    Redeclaring math symbol \omega on input line 60.
LaTeX Font Info:    Redeclaring math symbol \varepsilon on input line 61.
LaTeX Font Info:    Redeclaring math symbol \vartheta on input line 62.
LaTeX Font Info:    Redeclaring math symbol \varpi on input line 63.
LaTeX Font Info:    Redeclaring math symbol \varphi on input line 64.
LaTeX Font Info:    Redeclaring math symbol \varrho on input line 65.
LaTeX Font Info:    Redeclaring math symbol \varsigma on input line 66.
)
(/usr/share/texlive/texmf-dist/tex/latex/enumitem/enumitem.sty
Package: enumitem 2011/09/28 v3.5.2 Customized lists
\enitkv@toks@=\toks32
\labelindent=\skip69
\enit@outerparindent=\dimen143
\enit@toks=\toks33
\enit@inbox=\box34
\enitdp@description=\count127
)
(/usr/share/texlive/texmf-dist/tex/latex/acronym/acronym.sty
Package: acronym 2015/03/21 v1.41 Support for acronyms (Tobias Oetiker)

(/usr/share/texlive/texmf-dist/tex/latex/bigfoot/suffix.sty
Package: suffix 2006/07/15 1.5a Variant command support
)
\AC@clearlist=\toks34
)
(/usr/share/texlive/texmf-dist/tex/latex/tools/xspace.sty
Package: xspace 2014/10/28 v1.13 Space after command names (DPC,MH)
)
(/usr/share/texlive/texmf-dist/tex/latex/wrapfig/wrapfig.sty
\wrapoverhang=\dimen144
\WF@size=\dimen145
\c@WF@wrappedlines=\count128
\WF@box=\box35
\WF@everypar=\toks35
Package: wrapfig 2003/01/31  v 3.6
)
(/usr/share/texlive/texmf-dist/tex/generic/ulem/ulem.sty
\UL@box=\box36
\UL@hyphenbox=\box37
\UL@skip=\skip70
\UL@hook=\toks36
\UL@height=\dimen146
\UL@pe=\count129
\UL@pixel=\dimen147
\ULC@box=\box38
Package: ulem 2012/05/18
\ULdepth=\dimen148
) (./paper.aux)
\openout1 = `paper.aux'.

LaTeX Font Info:    Checking defaults for OML/nxlmi/m/it on input line 208.
LaTeX Font Info:    Try loading font information for OML+nxlmi on input line 20
8.

(/usr/share/texlive/texmf-dist/tex/latex/newtx/omlnxlmi.fd
File: omlnxlmi.fd 2013/11/19 Fontinst v1.933 font definitions for OML/nxlmi.
)
LaTeX Font Info:    ... okay on input line 208.
LaTeX Font Info:    Checking defaults for T1/cmr/m/n on input line 208.
LaTeX Font Info:    ... okay on input line 208.
LaTeX Font Info:    Checking defaults for OT1/cmr/m/n on input line 208.
LaTeX Font Info:    ... okay on input line 208.
LaTeX Font Info:    Checking defaults for OMS/ntxsy/m/n on input line 208.
LaTeX Font Info:    Try loading font information for OMS+ntxsy on input line 20
8.

(/usr/share/texlive/texmf-dist/tex/latex/newtx/omsntxsy.fd
File: omsntxsy.fd 2012/11/14 Fontinst v1.933 font definitions for OMS/ntxsy.
)
LaTeX Font Info:    ... okay on input line 208.
LaTeX Font Info:    Checking defaults for OMX/cmex/m/n on input line 208.
LaTeX Font Info:    ... okay on input line 208.
LaTeX Font Info:    Checking defaults for U/ntxexa/m/n on input line 208.
LaTeX Font Info:    Try loading font information for U+ntxexa on input line 208
.

(/usr/share/texlive/texmf-dist/tex/latex/newtx/untxexa.fd
File: untxexa.fd 2012/04/16 Fontinst v1.933 font definitions for U/ntxexa.
)
LaTeX Font Info:    ... okay on input line 208.
LaTeX Font Info:    Checking defaults for PD1/pdf/m/n on input line 208.
LaTeX Font Info:    ... okay on input line 208.
LaTeX Font Info:    Checking defaults for PU/pdf/m/n on input line 208.
LaTeX Font Info:    ... okay on input line 208.
LaTeX Font Info:    Checking defaults for TS1/cmr/m/n on input line 208.
LaTeX Font Info:    Try loading font information for TS1+cmr on input line 208.


(/usr/share/texlive/texmf-dist/tex/latex/base/ts1cmr.fd
File: ts1cmr.fd 2014/09/29 v2.5h Standard LaTeX font definitions
)
LaTeX Font Info:    ... okay on input line 208.
LaTeX Font Info:    Checking defaults for LMX/ntxexx/m/n on input line 208.
LaTeX Font Info:    ... okay on input line 208.
LaTeX Font Info:    Font shape `T1/LinuxLibertineT-TLF/m/n' will be
(Font)              scaled to size 7.0pt on input line 208.
LaTeX Font Info:    Try loading font information for OT1+LinuxLibertineT-TLF on
 input line 208.

(/usr/share/texlive/texmf-dist/tex/latex/libertine/OT1LinuxLibertineT-TLF.fd
File: OT1LinuxLibertineT-TLF.fd 2012/11/26 (autoinst) Font definitions for OT1/
LinuxLibertineT-TLF.
)
LaTeX Font Info:    Font shape `OT1/LinuxLibertineT-TLF/m/n' will be
(Font)              scaled to size 7.3pt on input line 208.
<<ot1.cmap>>
LaTeX Font Info:    Font shape `OT1/LinuxLibertineT-TLF/m/n' will be
(Font)              scaled to size 5.5pt on input line 208.
<<oml.cmap>><<oms.cmap>>
LaTeX Font Info:    Try loading font information for U+msa on input line 208.

(/usr/share/texlive/texmf-dist/tex/latex/amsfonts/umsa.fd
File: umsa.fd 2013/01/14 v3.01 AMS symbols A
)
LaTeX Font Info:    Try loading font information for U+msb on input line 208.

(/usr/share/texlive/texmf-dist/tex/latex/amsfonts/umsb.fd
File: umsb.fd 2013/01/14 v3.01 AMS symbols B
)
LaTeX Font Info:    Try loading font information for U+ntxmia on input line 208
.

(/usr/share/texlive/texmf-dist/tex/latex/newtx/untxmia.fd
File: untxmia.fd 2012/04/16 Fontinst v1.933 font definitions for U/ntxmia.
)
LaTeX Font Info:    Try loading font information for U+ntxsym on input line 208
.

(/usr/share/texlive/texmf-dist/tex/latex/newtx/untxsym.fd
File: untxsym.fd 2015/03/20 Fontinst v1.933 font definitions for U/ntxsym.
)
LaTeX Font Info:    Try loading font information for U+ntxsyc on input line 208
.

(/usr/share/texlive/texmf-dist/tex/latex/newtx/untxsyc.fd
File: untxsyc.fd 2012/04/12 Fontinst v1.933 font definitions for U/ntxsyc.
)
LaTeX Info: Redefining \microtypecontext on input line 208.
Package microtype Info: Generating PDF output.
Package microtype Info: Character protrusion enabled (level 2).
Package microtype Info: Using default protrusion set `alltext'.
Package microtype Info: Automatic font expansion enabled (level 2),
(microtype)             stretch: 20, shrink: 20, step: 1, non-selected.
Package microtype Info: Using default expansion set `basictext'.
Package microtype Info: No adjustment of tracking.
Package microtype Info: No adjustment of interword spacing.
Package microtype Info: No adjustment of character kerning.
Package microtype Info: Loading generic settings for font family
(microtype)             `LinuxLibertineT-TLF' (encoding: T1).
(microtype)             For optimal results, create family-specific settings.
(microtype)             See the microtype manual for details.

ABD: EveryShipout initializing macros
\AtBeginShipoutBox=\box39
Package hyperref Info: Link coloring OFF on input line 208.

(/usr/share/texlive/texmf-dist/tex/latex/hyperref/nameref.sty
Package: nameref 2012/10/27 v2.43 Cross-referencing by name of section

(/usr/share/texlive/texmf-dist/tex/generic/oberdiek/gettitlestring.sty
Package: gettitlestring 2010/12/03 v1.4 Cleanup title references (HO)
)
\c@section@level=\count130
)
LaTeX Info: Redefining \ref on input line 208.
LaTeX Info: Redefining \pageref on input line 208.
LaTeX Info: Redefining \nameref on input line 208.

(./paper.out) (./paper.out)
\@outlinefile=\write5
\openout5 = `paper.out'.


(/usr/share/texlive/texmf-dist/tex/context/base/supp-pdf.mkii
[Loading MPS to PDF converter (version 2006.09.02).]
\scratchcounter=\count131
\scratchdimen=\dimen149
\scratchbox=\box40
\nofMPsegments=\count132
\nofMParguments=\count133
\everyMPshowfont=\toks37
\MPscratchCnt=\count134
\MPscratchDim=\dimen150
\MPnumerator=\count135
\makeMPintoPDFobject=\count136
\everyMPtoPDFconversion=\toks38
) (/usr/share/texlive/texmf-dist/tex/latex/oberdiek/epstopdf-base.sty
Package: epstopdf-base 2010/02/09 v2.5 Base part for package epstopdf

(/usr/share/texlive/texmf-dist/tex/latex/oberdiek/grfext.sty
Package: grfext 2010/08/19 v1.1 Manage graphics extensions (HO)
)
Package grfext Info: Graphics extension search list:
(grfext)             [.png,.pdf,.jpg,.mps,.jpeg,.jbig2,.jb2,.PNG,.PDF,.JPG,.JPE
G,.JBIG2,.JB2,.eps]
(grfext)             \AppendGraphicsExtensions on input line 452.

(/usr/share/texlive/texmf-dist/tex/latex/latexconfig/epstopdf-sys.cfg
File: epstopdf-sys.cfg 2010/07/13 v1.3 Configuration of (r)epstopdf for TeX Liv
e
))
*geometry* driver: auto-detecting
*geometry* detected driver: pdftex
*geometry* verbose mode - [ preamble ] result:
* driver: pdftex
* paper: custom
* layout: <same size as paper>
* layoutoffset:(h,v)=(0.0pt,0.0pt)
* modes: includehead includefoot twoside 
* h-part:(L,W,R)=(52.0pt, 510.295pt, 52.0pt)
* v-part:(T,H,B)=(52.0pt, 667.96999pt, 75.0pt)
* \paperwidth=614.295pt
* \paperheight=794.96999pt
* \textwidth=510.295pt
* \textheight=616.96999pt
* \oddsidemargin=-20.26999pt
* \evensidemargin=-20.26999pt
* \topmargin=-20.26999pt
* \headheight=13.0pt
* \headsep=14.0pt
* \topskip=10.0pt
* \footskip=24.0pt
* \marginparwidth=24.0pt
* \marginparsep=11.0pt
* \columnsep=24.0pt
* \skip\footins=7.0pt plus 11.0pt
* \hoffset=0.0pt
* \voffset=0.0pt
* \mag=1000
* \@twocolumnfalse
* \@twosidetrue
* \@mparswitchtrue
* \@reversemarginfalse
* (1in=72.27pt=25.4mm, 1cm=28.453pt)

\c@mv@tabular=\count137
\c@mv@boldtabular=\count138
(/usr/share/texlive/texmf-dist/tex/latex/upquote/upquote.sty
Package: upquote 2012/04/19 v1.3 upright-quote and grave-accent glyphs in verba
tim
)
Package caption Info: Begin \AtBeginDocument code.
Package caption Info: float package is loaded.
Package caption Info: wrapfig package is loaded.
Package caption Info: End \AtBeginDocument code.
Class acmart Info: Using journal code tog on input line 211.
 (./abstract.tex)
Excluding 'CCSXML' comment.
LaTeX Font Info:    Font shape `T1/LinuxLibertineT-TLF/m/n' will be
(Font)              scaled to size 17.28pt on input line 280.
LaTeX Font Info:    Try loading font information for T1+LinuxBiolinumT-TLF on i
nput line 280.

(/usr/share/texlive/texmf-dist/tex/latex/libertine/T1LinuxBiolinumT-TLF.fd
File: T1LinuxBiolinumT-TLF.fd 2012/11/26 (autoinst) Font definitions for T1/Lin
uxBiolinumT-TLF.
)
LaTeX Font Info:    Font shape `T1/LinuxBiolinumT-TLF/m/n' will be
(Font)              scaled to size 17.28pt on input line 280.
Package microtype Info: Loading generic settings for font family
(microtype)             `LinuxBiolinumT-TLF' (encoding: T1).
(microtype)             For optimal results, create family-specific settings.
(microtype)             See the microtype manual for details.
LaTeX Font Info:    Font shape `T1/LinuxLibertineT-TLF/m/n' will be
(Font)              scaled to size 12.0pt on input line 280.
LaTeX Font Info:    Font shape `T1/LinuxBiolinumT-TLF/m/n' will be
(Font)              scaled to size 12.0pt on input line 280.
LaTeX Font Info:    Font shape `T1/LinuxBiolinumT-TLF/m/n' will be
(Font)              scaled to size 10.0pt on input line 280.

(../images/megafacades/teaser.pdf_tex
<../images/megafacades/teaser.pdf, id=116, page=1, 427.43932pt x 134.66602pt>
File: ../images/megafacades/teaser.pdf Graphic file (type pdf)

<use ../images/megafacades/teaser.pdf, page 1>
Package pdftex.def Info: ../images/megafacades/teaser.pdf, page1 used on input 
line 52.
(pdftex.def)             Requested size: 520.50307pt x 163.9861pt.
)
Overfull \hbox (3.00061pt too wide) in paragraph at lines 280--280
 []|   [] 
 []

LaTeX Font Info:    Font shape `T1/LinuxBiolinumT-TLF/m/n' will be
(Font)              scaled to size 9.0pt on input line 280.
LaTeX Font Info:    Font shape `T1/LinuxBiolinumT-TLF/m/n' will be
(Font)              scaled to size 8.0pt on input line 280.
LaTeX Font Info:    Font shape `T1/LinuxLibertineT-TLF/m/n' will be
(Font)              scaled to size 8.0pt on input line 280.
LaTeX Font Info:    Font shape `T1/LinuxLibertineT-TLF/m/it' will be
(Font)              scaled to size 8.0pt on input line 280.
LaTeX Font Info:    Try loading font information for TS1+LinuxLibertineT-TLF on
 input line 280.
(/usr/share/texlive/texmf-dist/tex/latex/libertine/TS1LinuxLibertineT-TLF.fd
File: TS1LinuxLibertineT-TLF.fd 2012/11/26 (autoinst) Font definitions for TS1/
LinuxLibertineT-TLF.
)
LaTeX Font Info:    Font shape `TS1/LinuxLibertineT-TLF/m/n' will be
(Font)              scaled to size 7.0pt on input line 280.
Package microtype Info: Loading generic settings for font family
(microtype)             `LinuxLibertineT-TLF' (encoding: TS1).
(microtype)             For optimal results, create family-specific settings.
(microtype)             See the microtype manual for details.
LaTeX Font Info:    Font shape `TS1/LinuxLibertineT-TLF/m/n' will be
(Font)              scaled to size 8.0pt on input line 280.
LaTeX Font Info:    Font shape `T1/LinuxLibertineT-TLF/b/n' will be
(Font)              scaled to size 8.0pt on input line 280.

Overfull \hbox (3.27678pt too wide) in paragraph at lines 280--280
\T1/LinuxLibertineT-TLF/m/it/8 (-20) Shape anal-y-sis\T1/LinuxLibertineT-TLF/m/
n/8 (-20) ; \T1/LinuxLibertineT-TLF/m/it/8 (-20) Mesh mod-els\T1/LinuxLibertine
T-TLF/m/n/8 (-20) ; \TS1/LinuxLibertineT-TLF/m/n/8 ˆ \T1/LinuxLibertineT-TLF/b/
n/8 Ap-plied com-put-ing \TS1/LinuxLibertineT-TLF/m/n/8 ^^Y \T1/LinuxLibertineT
-TLF/b/n/8 Ar-chi-tec-ture (build-
 []

LaTeX Font Info:    Font shape `OT1/LinuxLibertineT-TLF/m/n' will be
(Font)              scaled to size 8.0pt on input line 280.
Package microtype Info: Loading generic settings for font family
(microtype)             `LinuxLibertineT-TLF' (encoding: OT1).
(microtype)             For optimal results, create family-specific settings.
(microtype)             See the microtype manual for details.
LaTeX Font Info:    Font shape `OT1/LinuxLibertineT-TLF/m/n' will be
(Font)              scaled to size 6.2pt on input line 280.
(/usr/share/texlive/texmf-dist/tex/latex/microtype/mt-msa.cfg
File: mt-msa.cfg 2006/02/04 v1.1 microtype config. file: AMS symbols (a) (RS)
)
(/usr/share/texlive/texmf-dist/tex/latex/microtype/mt-msb.cfg
File: mt-msb.cfg 2005/06/01 v1.0 microtype config. file: AMS symbols (b) (RS)
)
(./introduction.tex
<../images/teaser/inset.png, id=120, 363.62263pt x 329.07849pt>
File: ../images/teaser/inset.png Graphic file (type png)

<use ../images/teaser/inset.png>
Package pdftex.def Info: ../images/teaser/inset.png used on input line 10.
(pdftex.def)             Requested size: 136.16199pt x 123.22838pt.

Overfull \hbox (1.5003pt too wide) in paragraph at lines 9--11
[]|  [] 
 []


Underfull \hbox (badness 2285) in paragraph at lines 11--14
\T1/LinuxLibertineT-TLF/m/n/9 (+20) been un-der-taken to cre-
 []


Underfull \hbox (badness 2707) in paragraph at lines 11--14
\T1/LinuxLibertineT-TLF/m/n/9 (+20) tec-tion and rang-ing (Li-
 []

(../images/megafacades/comparision.pdf_tex
<../images/megafacades/comparision.pdf, id=122, page=1, 1344.32156pt x 226.0218
2pt>
File: ../images/megafacades/comparision.pdf Graphic file (type pdf)
 <use ../images/megafacades/comparision.pdf, page 1>
Package pdftex.def Info: ../images/megafacades/comparision.pdf, page1 used on i
nput line 52.
(pdftex.def)             Requested size: 510.295pt x 85.79605pt.
)
LaTeX Font Info:    Font shape `T1/LinuxBiolinumT-TLF/m/it' will be
(Font)              scaled to size 8.0pt on input line 20.
 [1.1{/var/lib/texmf/fonts/map/pdftex/updmap/pdftex.map}

 <../images/megafacades/teaser.pdf> <../images/teaser/inset.png>]
LaTeX Font Info:    Font shape `T1/LinuxLibertineT-TLF/m/it' will be
(Font)              scaled to size 9.0pt on input line 32.

Underfull \vbox (badness 10000) has occurred while \output is active []

)
(./related.tex
LaTeX Font Info:    Try loading font information for TS1+LinuxBiolinumT-TLF on 
input line 12.

(/usr/share/texlive/texmf-dist/tex/latex/libertine/TS1LinuxBiolinumT-TLF.fd
File: TS1LinuxBiolinumT-TLF.fd 2012/11/26 (autoinst) Font definitions for TS1/L
inuxBiolinumT-TLF.
)
LaTeX Font Info:    Font shape `TS1/LinuxBiolinumT-TLF/m/n' will be
(Font)              scaled to size 9.0pt on input line 12.
Package microtype Info: Loading generic settings for font family
(microtype)             `LinuxBiolinumT-TLF' (encoding: TS1).
(microtype)             For optimal results, create family-specific settings.
(microtype)             See the microtype manual for details.

[2.2 <../images/megafacades/comparision.pdf>]
Underfull \vbox (badness 10000) has occurred while \output is active []

)
(./setup.tex (../images/megafacades/overview2.pdf_tex
<../images/megafacades/overview2.pdf, id=271, page=1, 303.36589pt x 158.18922pt
>
File: ../images/megafacades/overview2.pdf Graphic file (type pdf)
 <use ../images/megafacades/overview2.pdf, page 1>
Package pdftex.def Info: ../images/megafacades/overview2.pdf, page1 used on inp
ut line 52.
(pdftex.def)             Requested size: 243.14749pt x 126.7905pt.
LaTeX Font Info:    Font shape `OT1/LinuxLibertineT-TLF/m/n' will be
(Font)              scaled to size 9.0pt on input line 57.
) [3.3 <../images/megafacades/overview2.pdf>] (../images/megafacades/term.pdf_t
ex
<../images/megafacades/term.pdf, id=362, page=1, 522.05273pt x 144.86674pt>
File: ../images/megafacades/term.pdf Graphic file (type pdf)

<use ../images/megafacades/term.pdf, page 1>
Package pdftex.def Info: ../images/megafacades/term.pdf, page1 used on input li
ne 52.
(pdftex.def)             Requested size: 243.14749pt x 67.47064pt.
)
LaTeX Font Info:    Font shape `OT1/LinuxLibertineT-TLF/sb/n' will be
(Font)              scaled to size 9.0pt on input line 64.
LaTeX Font Info:    Font shape `OT1/LinuxLibertineT-TLF/sb/n' will be
(Font)              scaled to size 7.3pt on input line 64.
LaTeX Font Info:    Font shape `OT1/LinuxLibertineT-TLF/sb/n' will be
(Font)              scaled to size 5.5pt on input line 64.
LaTeX Font Info:    Font shape `T1/LinuxLibertineT-TLF/m/n' will be
(Font)              scaled to size 7.3pt on input line 70.
LaTeX Font Info:    Font shape `T1/LinuxLibertineT-TLF/m/n' will be
(Font)              scaled to size 5.5pt on input line 70.


LaTeX Font Warning: Font shape `OML/cmm/b/it' in size <5.5> not available
(Font)              size <5> substituted on input line 77.

LaTeX Font Info:    Font shape `T1/LinuxLibertineT-TLF/m/sc' will be
(Font)              scaled to size 9.0pt on input line 83.
) (./optimisation.tex [4.4 <../images/megafacades/term.pdf>]
(../images/megafacades/subdiv.pdf_tex
<../images/megafacades/subdiv.pdf, id=392, page=1, 483.1407pt x 196.53067pt>
File: ../images/megafacades/subdiv.pdf Graphic file (type pdf)

<use ../images/megafacades/subdiv.pdf, page 1>
Package pdftex.def Info: ../images/megafacades/subdiv.pdf, page1 used on input 
line 52.
(pdftex.def)             Requested size: 243.14749pt x 98.90982pt.

<../images/megafacades/subdiv.pdf, id=393, page=2, 483.1407pt x 196.53067pt>
File: ../images/megafacades/subdiv.pdf Graphic file (type pdf)

<use ../images/megafacades/subdiv.pdf, page 2>
Package pdftex.def Info: ../images/megafacades/subdiv.pdf, page2 used on input 
line 57.
(pdftex.def)             Requested size: 243.14749pt x 98.90982pt.
)
LaTeX Font Info:    Font shape `OT1/LinuxLibertineT-TLF/sb/n' will be
(Font)              scaled to size 8.0pt on input line 27.
LaTeX Font Info:    Font shape `OT1/LinuxLibertineT-TLF/sb/n' will be
(Font)              scaled to size 6.2pt on input line 27.
LaTeX Font Info:    Font shape `T1/LinuxBiolinumT-TLF/m/it' will be
(Font)              scaled to size 9.0pt on input line 37.

(../images/megafacades/partition.pdf_tex
<../images/megafacades/partition.pdf, id=398, page=1, 482.18082pt x 137.68759pt
>
File: ../images/megafacades/partition.pdf Graphic file (type pdf)
 <use ../images/megafacades/partition.pdf, page 1>
Package pdftex.def Info: ../images/megafacades/partition.pdf, page1 used on inp
ut line 52.
(pdftex.def)             Requested size: 243.14749pt x 69.43187pt.
)
(../images/megafacades/valid.pdf_tex
<../images/megafacades/valid.pdf, id=402, page=1, 396.55661pt x 170.44023pt>
File: ../images/megafacades/valid.pdf Graphic file (type pdf)

<use ../images/megafacades/valid.pdf, page 1>
Package pdftex.def Info: ../images/megafacades/valid.pdf, page1 used on input l
ine 52.
(pdftex.def)             Requested size: 194.51872pt x 83.60486pt.

<../images/megafacades/valid.pdf, id=403, page=2, 396.55661pt x 170.44023pt>
File: ../images/megafacades/valid.pdf Graphic file (type pdf)

<use ../images/megafacades/valid.pdf, page 2>
Package pdftex.def Info: ../images/megafacades/valid.pdf, page2 used on input l
ine 54.
(pdftex.def)             Requested size: 194.51872pt x 83.60486pt.
) [5.5 <../images/megafacades/subdiv.pdf> <../images/megafacades/subdiv.pdf

pdfTeX warning: pdflatex (file ../images/megafacades/subdiv.pdf): PDF inclusion
: multiple pdfs with page group included in a single page
> <../images/megafacades/partition.pdf

pdfTeX warning: pdflatex (file ../images/megafacades/partition.pdf): PDF inclus
ion: multiple pdfs with page group included in a single page
> <../images/megafacades/valid.pdf

pdfTeX warning: pdflatex (file ../images/megafacades/valid.pdf): PDF inclusion:
 multiple pdfs with page group included in a single page
> <../images/megafacades/valid.pdf

pdfTeX warning: pdflatex (file ../images/megafacades/valid.pdf): PDF inclusion:
 multiple pdfs with page group included in a single page
>] (../images/megafacades/optim2.pdf_tex
<../images/megafacades/optim2.pdf, id=423, page=1, 358.36464pt x 108.93524pt>
File: ../images/megafacades/optim2.pdf Graphic file (type pdf)

<use ../images/megafacades/optim2.pdf, page 1>
Package pdftex.def Info: ../images/megafacades/optim2.pdf, page1 used on input 
line 52.
(pdftex.def)             Requested size: 243.14749pt x 73.91206pt.

<../images/megafacades/optim2.pdf, id=424, page=2, 358.36464pt x 108.93524pt>
File: ../images/megafacades/optim2.pdf Graphic file (type pdf)

<use ../images/megafacades/optim2.pdf, page 2>
Package pdftex.def Info: ../images/megafacades/optim2.pdf, page2 used on input 
line 56.
(pdftex.def)             Requested size: 243.14749pt x 73.91206pt.
)
Overfull \hbox (4.76826pt too wide) in paragraph at lines 189--190
 \T1/LinuxBiolinumT-TLF/m/it/9 (-20) 4.1.3 Re-tar-get-ing building-façades.[] \
T1/LinuxLibertineT-TLF/m/n/9 (-20) Street-level im-agery of façades
 []

[6.6 <../images/megafacades/optim2.pdf> <../images/megafacades/optim2.pdf

pdfTeX warning: pdflatex (file ../images/megafacades/optim2.pdf): PDF inclusion
: multiple pdfs with page group included in a single page
>] (../images/megafacades/mfpoint.pdf_tex
<../images/megafacades/mfpoint.pdf, id=457, page=1, 257.88438pt x 130.42429pt>
File: ../images/megafacades/mfpoint.pdf Graphic file (type pdf)

<use ../images/megafacades/mfpoint.pdf, page 1>
Package pdftex.def Info: ../images/megafacades/mfpoint.pdf, page1 used on input
 line 52.
(pdftex.def)             Requested size: 243.14749pt x 122.97498pt.

<../images/megafacades/mfpoint.pdf, id=458, page=2, 257.88438pt x 130.42429pt>
File: ../images/megafacades/mfpoint.pdf Graphic file (type pdf)

<use ../images/megafacades/mfpoint.pdf, page 2>
Package pdftex.def Info: ../images/megafacades/mfpoint.pdf, page2 used on input
 line 58.
(pdftex.def)             Requested size: 243.14749pt x 122.97498pt.
)
Underfull \vbox (badness 1314) has occurred while \output is active []


(../images/megafacades/edgenomini.pdf_tex
<../images/megafacades/edgenomini.pdf, id=459, page=1, 170.45825pt x 305.42677p
t>
File: ../images/megafacades/edgenomini.pdf Graphic file (type pdf)
 <use ../images/megafacades/edgenomini.pdf, page 1>
Package pdftex.def Info: ../images/megafacades/edgenomini.pdf, page1 used on in
put line 52.
(pdftex.def)             Requested size: 63.21701pt x 113.27177pt.
)
Underfull \hbox (badness 1082) in paragraph at lines 249--254
\T1/LinuxLibertineT-TLF/m/n/9 (+20) es-sar-ily split a footprint-polygon (pink)
.
 []

[7.7 <../images/megafacades/mfpoint.pdf> <../images/megafacades/mfpoint.pdf

pdfTeX warning: pdflatex (file ../images/megafacades/mfpoint.pdf): PDF inclusio
n: multiple pdfs with page group included in a single page
> <../images/megafacades/edgenomini.pdf

pdfTeX warning: pdflatex (file ../images/megafacades/edgenomini.pdf): PDF inclu
sion: multiple pdfs with page group included in a single page
>]
Package acronym Info: Label `acro:GSV' newly defined as it shall be overridden
although it is yet undefined on input line 298.

<../images/overlapping_features/overlapping_features.png, id=540, 1819.79875pt 
x 456.70625pt>
File: ../images/overlapping_features/overlapping_features.png Graphic file (typ
e png)
 <use ../images/overlapping_features/overlapping_features.png>
Package pdftex.def Info: ../images/overlapping_features/overlapping_features.pn
g used on input line 305.
(pdftex.def)             Requested size: 243.14749pt x 61.01852pt.

Overfull \hbox (2.31847pt too wide) in paragraph at lines 312--319
\T1/LinuxLibertineT-TLF/m/n/9 (-20) conies, etc.) are treated sim-i-larly. We a
dopt a sim-ple mean-shift [[]Fuku-
 []

) (./processing.tex (../images/megafacades/profiles_test.pdf_tex
<../images/megafacades/profiles_test.pdf, id=549, page=1, 1014.99194pt x 168.63
pt>
File: ../images/megafacades/profiles_test.pdf Graphic file (type pdf)
 <use ../images/megafacades/profiles_test.pdf, page 1>
Package pdftex.def Info: ../images/megafacades/profiles_test.pdf, page1 used on
 input line 52.
(pdftex.def)             Requested size: 534.92374pt x 88.87428pt.
)
Overfull \hbox (10.40237pt too wide) in paragraph at lines 16--18
 []| [] 
 []


Underfull \vbox (badness 2050) has occurred while \output is active []

 [8.8 <../images/overlapping_features/overlapping_features.png (PNG copy)>]
(../images/megafacades/raw-profs.pdf_tex
<../images/megafacades/raw-profs.pdf, id=563, page=1, 476.87462pt x 269.37929pt
>
File: ../images/megafacades/raw-profs.pdf Graphic file (type pdf)
 <use ../images/megafacades/raw-profs.pdf, page 1>
Package pdftex.def Info: ../images/megafacades/raw-profs.pdf, page1 used on inp
ut line 52.
(pdftex.def)             Requested size: 243.14749pt x 137.35284pt.
)
(../images/megafacades/prof-line.pdf_tex
<../images/megafacades/prof-line.pdf, id=570, page=1, 203.87811pt x 116.0455pt>
File: ../images/megafacades/prof-line.pdf Graphic file (type pdf)
<use ../images/megafacades/prof-line.pdf, page 1>
Package pdftex.def Info: ../images/megafacades/prof-line.pdf, page1 used on inp
ut line 52.
(pdftex.def)             Requested size: 126.43773pt x 71.96692pt.
)
Overfull \hbox (8.31007pt too wide) in paragraph at lines 103--108
[][]\T1/LinuxLibertineT-TLF/m/n/9 (-20) Finally, for each prominent-
 []


Underfull \hbox (badness 1127) in paragraph at lines 103--108
\T1/LinuxLibertineT-TLF/m/it/9 (+20) edge\T1/LinuxLibertineT-TLF/m/n/9 (+20) . 
Sweep-edges rep-re-
 []


Underfull \hbox (badness 1783) in paragraph at lines 103--108
\T1/LinuxLibertineT-TLF/m/n/9 (+20) sent po-ten-tial wall po-si-
 []


Underfull \hbox (badness 1281) in paragraph at lines 103--108
\T1/LinuxLibertineT-TLF/m/n/9 (+20) and, along with suit-able
 []


Underfull \vbox (badness 1635) has occurred while \output is active []

 [9.9 <../images/megafacades/profiles_test.pdf> <../images/megafacades/raw-prof
s.pdf

pdfTeX warning: pdflatex (file ../images/megafacades/raw-profs.pdf): PDF inclus
ion: multiple pdfs with page group included in a single page
>] (../images/megafacades/independant-labels-comparison.pdf_tex
<../images/megafacades/independant-labels-comparison.pdf, id=896, page=1, 301.6
512pt x 148.5185pt>
File: ../images/megafacades/independant-labels-comparison.pdf Graphic file (typ
e pdf)

<use ../images/megafacades/independant-labels-comparison.pdf, page 1>
Package pdftex.def Info: ../images/megafacades/independant-labels-comparison.pd
f, page1 used on input line 52.
(pdftex.def)             Requested size: 243.14749pt x 119.71689pt.

<../images/megafacades/independant-labels-comparison.pdf, id=897, page=2, 301.6
512pt x 148.5185pt>
File: ../images/megafacades/independant-labels-comparison.pdf Graphic file (typ
e pdf)

<use ../images/megafacades/independant-labels-comparison.pdf, page 2>
Package pdftex.def Info: ../images/megafacades/independant-labels-comparison.pd
f, page2 used on input line 57.
(pdftex.def)             Requested size: 243.14749pt x 119.71689pt.
)
(../images/megafacades/facade-cuts.pdf_tex
<../images/megafacades/facade-cuts.pdf, id=911, page=1, 358.71518pt x 215.68079
pt>
File: ../images/megafacades/facade-cuts.pdf Graphic file (type pdf)
 <use ../images/megafacades/facade-cuts.pdf, page 1>
Package pdftex.def Info: ../images/megafacades/facade-cuts.pdf, page1 used on i
nput line 52.
(pdftex.def)             Requested size: 243.14749pt x 146.19695pt.

<../images/megafacades/facade-cuts.pdf, id=912, page=2, 358.71518pt x 215.68079
pt>
File: ../images/megafacades/facade-cuts.pdf Graphic file (type pdf)
 <use ../images/megafacades/facade-cuts.pdf, page 2>
Package pdftex.def Info: ../images/megafacades/facade-cuts.pdf, page2 used on i
nput line 55.
(pdftex.def)             Requested size: 243.14749pt x 146.19695pt.
)
<../images/results/results.png, id=913, 627.34375pt x 260.22218pt>
File: ../images/results/results.png Graphic file (type png)

<use ../images/results/results.png>
Package pdftex.def Info: ../images/results/results.png used on input line 161.
(pdftex.def)             Requested size: 510.295pt x 211.68015pt.
 [10.10 <../images/megafacades/independant-labels-comparison.pdf> <../images/me
gafacades/independant-labels-comparison.pdf

pdfTeX warning: pdflatex (file ../images/megafacades/independant-labels-compari
son.pdf): PDF inclusion: multiple pdfs with page group included in a single pag
e
> <../images/megafacades/prof-line.pdf

pdfTeX warning: pdflatex (file ../images/megafacades/prof-line.pdf): PDF inclus
ion: multiple pdfs with page group included in a single page
> <../images/megafacades/facade-cuts.pdf

pdfTeX warning: pdflatex (file ../images/megafacades/facade-cuts.pdf): PDF incl
usion: multiple pdfs with page group included in a single page
> <../images/megafacades/facade-cuts.pdf

pdfTeX warning: pdflatex (file ../images/megafacades/facade-cuts.pdf): PDF incl
usion: multiple pdfs with page group included in a single page
>]
Underfull \vbox (badness 2932) has occurred while \output is active []

)
(./results.tex (../images/megafacades/london.pdf_tex
<../images/megafacades/london.pdf, id=1039, page=1, 592.35579pt x 257.09892pt>
File: ../images/megafacades/london.pdf Graphic file (type pdf)

<use ../images/megafacades/london.pdf, page 1>
Package pdftex.def Info: ../images/megafacades/london.pdf, page1 used on input 
line 52.
(pdftex.def)             Requested size: 510.295pt x 221.4852pt.
)
<../images/detroit/detroit.jpg, id=1040, 1090.0725pt x 1158.3275pt>
File: ../images/detroit/detroit.jpg Graphic file (type jpg)

<use ../images/detroit/detroit.jpg>
Package pdftex.def Info: ../images/detroit/detroit.jpg used on input line 21.
(pdftex.def)             Requested size: 243.14749pt x 258.36777pt.
 [11.11 <../images/results/results.png>]
Overfull \hbox (2.68425pt too wide) in paragraph at lines 30--31
\T1/LinuxLibertineT-TLF/m/n/9 (-20) the source-code is avail-able on-line at th
e project page ([]$http : / / geometry .
 []


LaTeX Warning: Text page 12 contains only floats.

[12.12 <../images/megafacades/london.pdf> <../images/detroit/detroit.jpg>]
(../images/megafacades/problems.pdf_tex
<../images/megafacades/problems.pdf, id=1185, page=1, 145.66055pt x 118.10011pt
>
File: ../images/megafacades/problems.pdf Graphic file (type pdf)
 <use ../images/megafacades/problems.pdf, page 1>
Package pdftex.def Info: ../images/megafacades/problems.pdf, page1 used on inpu
t line 52.
(pdftex.def)             Requested size: 243.14749pt x 197.14536pt.
)
<../images/results/comparis2.png, id=1193, 3177.8725pt x 1433.355pt>
File: ../images/results/comparis2.png Graphic file (type png)

<use ../images/results/comparis2.png>
Package pdftex.def Info: ../images/results/comparis2.png used on input line 115
.
(pdftex.def)             Requested size: 510.295pt x 230.15073pt.
 [13.13 <../images/megafacades/problems.pdf>]) (./discussion.tex [14.14 <../ima
ges/results/comparis2.png>])
(./appendix.tex
<../images/partition/bad.png, id=1242, 332.53647pt x 264.04529pt>
File: ../images/partition/bad.png Graphic file (type png)

<use ../images/partition/bad.png>
Package pdftex.def Info: ../images/partition/bad.png used on input line 84.
(pdftex.def)             Requested size: 109.41562pt x 86.87735pt.

Underfull \hbox (badness 2088) in paragraph at lines 86--87
[]\T1/LinuxLibertineT-TLF/m/n/9 (+20) The ground tes-sel-la-tion, $\U/ntxsym/m/
n/9 G$\T1/LinuxLibertineT-TLF/m/n/9 (+20) , is
 []


Underfull \hbox (badness 4556) in paragraph at lines 86--87
\T1/LinuxLibertineT-TLF/m/n/9 (+20) cre-ated by a va-ri-ety of data
 []

) (./paper.bbl
LaTeX Font Info:    Font shape `T1/LinuxLibertineT-TLF/m/it' will be
(Font)              scaled to size 7.0pt on input line 47.

Underfull \vbox (badness 7504) has occurred while \output is active []

 [15.15 <../images/partition/bad.png>]) [16.16

]
Package atveryend Info: Empty hook `BeforeClearDocument' on input line 303.
Package atveryend Info: Empty hook `AfterLastShipout' on input line 303.
 (./paper.aux)
Package atveryend Info: Executing hook `AtVeryEndDocument' on input line 303.
Package atveryend Info: Executing hook `AtEndAfterFileList' on input line 303.
Package rerunfilecheck Info: File `paper.out' has not changed.
(rerunfilecheck)             Checksum: ABD96F30E3E44CED3E1235E532C979D0;4425.


LaTeX Font Warning: Size substitutions with differences
(Font)              up to 0.5pt have occurred.


LaTeX Warning: Label(s) may have changed. Rerun to get cross-references right.

Package atveryend Info: Empty hook `AtVeryVeryEnd' on input line 303.
 ) 
Here is how much of TeX's memory you used:
 19037 strings out of 494910
 295249 string characters out of 6179836
 405444 words of memory out of 5000000
 20942 multiletter control sequences out of 15000+600000
 238089 words of font info for 568 fonts, out of 8000000 for 9000
 197 hyphenation exceptions out of 8191
 60i,16n,94p,1403b,660s stack positions out of 5000i,500n,10000p,200000b,80000s
{/usr/share/texlive/texmf-dist/fonts/enc/dvips/newtx/libertinealt.enc}{/usr/s
hare/texlive/texmf-dist/fonts/enc/dvips/libertine/lbtn_ncsllp.enc}{/usr/share/t
exlive/texmf-dist/fonts/enc/dvips/base/8r.enc}{/usr/share/texlive/texmf-dist/fo
nts/enc/dvips/libertine/lbtn_ehpgim.enc}{/usr/share/texlive/texmf-dist/fonts/en
c/dvips/libertine/lbtn_c7kyj5.enc}{/usr/share/texlive/texmf-dist/fonts/enc/dvip
s/libertine/lbtn_25tcsq.enc}{/usr/share/texlive/texmf-dist/fonts/enc/dvips/libe
rtine/lbtn_afusau.enc}{/usr/share/texlive/texmf-dist/fonts/enc/dvips/libertine/
lbtn_nh77jq.enc}{/usr/share/texlive/texmf-dist/fonts/enc/dvips/libertine/lbtn_n
aooyc.enc}{/usr/share/texlive/texmf-dist/fonts/enc/dvips/libertine/lbtn_76gpa5.
enc}{/usr/share/texlive/texmf-dist/fonts/enc/dvips/libertine/lbtn_7grukw.enc}</
usr/share/texlive/texmf-dist/fonts/type1/public/libertine/LinBiolinumT.pfb></us
r/share/texlive/texmf-dist/fonts/type1/public/libertine/LinBiolinumTI.pfb></usr
/share/texlive/texmf-dist/fonts/type1/public/libertine/LinLibertineT.pfb></usr/
share/texlive/texmf-dist/fonts/type1/public/libertine/LinLibertineTB.pfb></usr/
share/texlive/texmf-dist/fonts/type1/public/libertine/LinLibertineTI.pfb></usr/
share/texlive/texmf-dist/fonts/type1/public/libertine/LinLibertineTZ.pfb></usr/
share/texlive/texmf-dist/fonts/type1/public/amsfonts/cmextra/cmmib8.pfb></usr/s
hare/texlive/texmf-dist/fonts/type1/public/amsfonts/cmextra/cmmib9.pfb></usr/sh
are/texlive/texmf-dist/fonts/type1/public/newtx/fxlri-5letters.pfb></usr/share/
texlive/texmf-dist/fonts/type1/public/newtx/fxlri-7letters.pfb></usr/share/texl
ive/texmf-dist/fonts/type1/public/txfonts/rtxmi.pfb></usr/share/texlive/texmf-d
ist/fonts/type1/public/newtx/rtxmi5.pfb></usr/share/texlive/texmf-dist/fonts/ty
pe1/public/newtx/rtxmi7.pfb></usr/share/texlive/texmf-dist/fonts/type1/public/t
xfonts/rtxr.pfb></usr/share/texlive/texmf-dist/fonts/type1/public/newtx/txex-ba
r.pfb></usr/share/texlive/texmf-dist/fonts/type1/public/txfonts/txex.pfb></usr/
share/texlive/texmf-dist/fonts/type1/public/txfonts/txsy.pfb></usr/share/texliv
e/texmf-dist/fonts/type1/public/txfonts/txsya.pfb></usr/share/texlive/texmf-dis
t/fonts/type1/public/txfonts/txsyb.pfb></usr/share/texlive/texmf-dist/fonts/typ
e1/public/newtx/zxlr.pfb></usr/share/texlive/texmf-dist/fonts/type1/public/newt
x/zxlri.pfb>
Output written on paper.pdf (16 pages, 54298348 bytes).
PDF statistics:
 1400 PDF objects out of 1440 (max. 8388607)
 1028 compressed objects within 11 object streams
 136 named destinations out of 1000 (max. 500000)
 68986 words of extra memory for PDF output out of 74296 (max. 10000000)

